<?xml version="1.0" encoding="UTF-8"?>
<!-- Generated by org.testng.reporters.JUnitXMLReporter -->
<testsuite ignored="0" hostname="MUTHULAKSHMI" failures="1" tests="2" name="Sample Tests" time="10.166" errors="0" timestamp="2024-12-22T14:03:08 IST">
  <testcase classname="com.qa.Test.SampleTest" name="testFailureScenario" time="2.626">
    <failure type="java.lang.AssertionError" message="Simulated failure for testing report">
      <![CDATA[java.lang.AssertionError: Simulated failure for testing report
at com.qa.Test.SampleTest.testFailureScenario(SampleTest.java:40)
at java.base/java.util.ArrayList.forEach(ArrayList.java:1596)
... Removed 25 stack frames]]>
    </failure>
  </testcase> <!-- testFailureScenario -->
  <testcase classname="com.qa.Test.SampleTest" name="testHomePageNavigation" time="1.437"/>
</testsuite> <!-- Sample Tests -->
